<?xml version="1.0" encoding="UTF-8"?>
<!-- Generated by org.testng.reporters.JUnitReportReporter -->
<testsuite hostname="SateeshMacBookPro" name="com.crm.qa.testcases.HomePageTest" tests="3" failures="0" timestamp="15 Mar 2018 01:19:51 GMT" time="41.629" errors="0">
  <testcase name="userNameLabelTeast" time="12.444" classname="com.crm.qa.testcases.HomePageTest"/>
  <testcase name="contactsLinkTest" time="14.620" classname="com.crm.qa.testcases.HomePageTest"/>
  <testcase name="homePageTitleTest" time="14.565" classname="com.crm.qa.testcases.HomePageTest"/>
</testsuite> <!-- com.crm.qa.testcases.HomePageTest -->
