<?xml version="1.0" encoding="UTF-8"?>
<!-- Generated by org.testng.reporters.JUnitReportReporter -->
<testsuite hostname="SateeshMacBookPro" name="com.crm.qa.testcases.ContactsPageTest" tests="3" failures="0" timestamp="15 Mar 2018 01:19:51 GMT" time="38.351" errors="0">
  <testcase name="validateCreateNewContact" time="10.249" classname="com.crm.qa.testcases.ContactsPageTest"/>
  <testcase name="validateCreateNewContact" time="12.850" classname="com.crm.qa.testcases.ContactsPageTest"/>
  <testcase name="validateCreateNewContact" time="15.252" classname="com.crm.qa.testcases.ContactsPageTest"/>
</testsuite> <!-- com.crm.qa.testcases.ContactsPageTest -->
