<?xml version="1.0" encoding="UTF-8"?>
<!-- Generated by org.testng.reporters.JUnitReportReporter -->
<testsuite hostname="SateeshMacBookPro" name="com.crm.qa.testcases.LoginPageTest" tests="3" failures="0" timestamp="15 Mar 2018 01:19:51 GMT" time="23.124" errors="0">
  <testcase name="crmLogoTest" time="7.910" classname="com.crm.qa.testcases.LoginPageTest"/>
  <testcase name="loginTest" time="6.461" classname="com.crm.qa.testcases.LoginPageTest"/>
  <testcase name="loginPageTitleTest" time="8.753" classname="com.crm.qa.testcases.LoginPageTest"/>
</testsuite> <!-- com.crm.qa.testcases.LoginPageTest -->
