<?xml version="1.0" encoding="UTF-8"?>
<!-- Generated by org.testng.reporters.JUnitReportReporter -->
<testsuite hostname="SateeshMacBookPro" name="com.crm.qa.testcases.HomePageTest" tests="3" failures="0" timestamp="9 Mar 2018 23:34:09 GMT" time="43.261" errors="0">
  <testcase name="homePageTitleTest" time="14.900" classname="com.crm.qa.testcases.HomePageTest"/>
  <testcase name="userNameLabelTeast" time="14.827" classname="com.crm.qa.testcases.HomePageTest"/>
  <testcase name="contactsLinkTest" time="13.534" classname="com.crm.qa.testcases.HomePageTest"/>
</testsuite> <!-- com.crm.qa.testcases.HomePageTest -->
