<?xml version="1.0" encoding="UTF-8"?>
<!-- Generated by org.testng.reporters.JUnitReportReporter -->
<testsuite hostname="SateeshMacBookPro" name="com.crm.qa.testcases.ContactsPageTest" tests="3" failures="0" timestamp="9 Mar 2018 23:34:09 GMT" time="39.275" errors="0">
  <testcase name="validateCreateNewContact" time="15.844" classname="com.crm.qa.testcases.ContactsPageTest"/>
  <testcase name="validateCreateNewContact" time="12.082" classname="com.crm.qa.testcases.ContactsPageTest"/>
  <testcase name="validateCreateNewContact" time="11.349" classname="com.crm.qa.testcases.ContactsPageTest"/>
</testsuite> <!-- com.crm.qa.testcases.ContactsPageTest -->
