<?xml version="1.0" encoding="UTF-8"?>
<!-- Generated by org.testng.reporters.JUnitReportReporter -->
<testsuite hostname="SateeshMacBookPro" name="com.crm.qa.testcases.LoginPageTest" tests="3" failures="0" timestamp="9 Mar 2018 23:34:09 GMT" time="19.616" errors="0">
  <testcase name="crmLogoTest" time="6.441" classname="com.crm.qa.testcases.LoginPageTest"/>
  <testcase name="loginTest" time="6.751" classname="com.crm.qa.testcases.LoginPageTest"/>
  <testcase name="loginPageTitleTest" time="6.424" classname="com.crm.qa.testcases.LoginPageTest"/>
</testsuite> <!-- com.crm.qa.testcases.LoginPageTest -->
